<?xml version="1.0" encoding="UTF-8"?>
<testng-results ignored="0" total="3" passed="1" failed="1" skipped="1">
  <reporter-output>
    <line>
      <![CDATA[rcb is executed]]>
    </line>
    <line>
      <![CDATA[dominos is executed]]>
    </line>
    <line>
      <![CDATA[I am starving]]>
    </line>
  </reporter-output>
  <suite started-at="2024-07-29T14:08:18 IST" name="Default suite" finished-at="2024-07-29T14:09:01 IST" duration-ms="42969">
    <groups>
    </groups>
    <test started-at="2024-07-29T14:08:18 IST" name="Default test" finished-at="2024-07-29T14:09:01 IST" duration-ms="42969">
      <class name="extentReports.Dependency2">
        <test-method signature="rcb()[pri:0, instance:extentReports.Dependency2@564fabc8]" started-at="2024-07-29T14:08:19 IST" name="rcb" finished-at="2024-07-29T14:08:20 IST" duration-ms="1150" status="FAIL">
          <exception class="org.testng.internal.thread.ThreadTimeoutException">
            <message>
              <![CDATA[Method extentReports.Dependency2.rcb() didn't finish within the time-out 1000]]>
            </message>
            <full-stacktrace>
              <![CDATA[org.testng.internal.thread.ThreadTimeoutException: Method extentReports.Dependency2.rcb() didn't finish within the time-out 1000
at java.base/java.lang.ProcessImpl.waitForTimeoutInterruptibly(Native Method)
at java.base/java.lang.ProcessImpl.waitFor(ProcessImpl.java:598)
at org.openqa.selenium.os.ExternalProcess.waitFor(ExternalProcess.java:264)
at org.openqa.selenium.manager.SeleniumManager.runCommand(SeleniumManager.java:128)
at org.openqa.selenium.manager.SeleniumManager.getDriverPath(SeleniumManager.java:299)
at org.openqa.selenium.remote.service.DriverFinder.getPath(DriverFinder.java:22)
at org.openqa.selenium.remote.service.DriverFinder.getPath(DriverFinder.java:13)
at org.openqa.selenium.chrome.ChromeDriver.generateExecutor(ChromeDriver.java:100)
at org.openqa.selenium.chrome.ChromeDriver.<init>(ChromeDriver.java:89)
at org.openqa.selenium.chrome.ChromeDriver.<init>(ChromeDriver.java:84)
at org.openqa.selenium.chrome.ChromeDriver.<init>(ChromeDriver.java:52)
at extentReports.Dependency2.rcb(Dependency2.java:34)
at java.base/jdk.internal.reflect.DirectMethodHandleAccessor.invoke(DirectMethodHandleAccessor.java:103)
at java.base/java.lang.reflect.Method.invoke(Method.java:580)
at org.testng.internal.invokers.MethodInvocationHelper.invokeMethod(MethodInvocationHelper.java:139)
at org.testng.internal.invokers.InvokeMethodRunnable.runOne(InvokeMethodRunnable.java:47)
at org.testng.internal.invokers.InvokeMethodRunnable.call(InvokeMethodRunnable.java:76)
at org.testng.internal.invokers.InvokeMethodRunnable.call(InvokeMethodRunnable.java:11)
at java.base/java.util.concurrent.FutureTask.run(FutureTask.java:317)
at java.base/java.util.concurrent.ThreadPoolExecutor.runWorker(ThreadPoolExecutor.java:1144)
at java.base/java.util.concurrent.ThreadPoolExecutor$Worker.run(ThreadPoolExecutor.java:642)
at java.base/java.lang.Thread.run(Thread.java:1583)
]]>
            </full-stacktrace>
          </exception> <!-- org.testng.internal.thread.ThreadTimeoutException -->
          <reporter-output>
            <line>
              <![CDATA[rcb is executed]]>
            </line>
          </reporter-output>
        </test-method> <!-- rcb -->
        <test-method signature="dominos()[pri:0, instance:extentReports.Dependency2@564fabc8]" started-at="2024-07-29T14:08:20 IST" name="dominos" finished-at="2024-07-29T14:09:01 IST" duration-ms="41135" status="PASS">
          <reporter-output>
            <line>
              <![CDATA[dominos is executed]]>
            </line>
            <line>
              <![CDATA[I am starving]]>
            </line>
          </reporter-output>
        </test-method> <!-- dominos -->
        <test-method signature="csk()[pri:0, instance:extentReports.Dependency2@564fabc8]" started-at="2024-07-29T14:09:01 IST" name="csk" finished-at="2024-07-29T14:09:01 IST" depends-on-methods="extentReports.Dependency2.rcb" duration-ms="0" status="SKIP">
          <exception class="java.lang.Throwable">
            <message>
              <![CDATA[Method extentReports.Dependency2.csk() on instance extentReports.Dependency2@564fabc8 depends on not successfully finished methods 
[extentReports.Dependency2.rcb() on instance extentReports.Dependency2@564fabc8]]]>
            </message>
            <full-stacktrace>
              <![CDATA[java.lang.Throwable: Method extentReports.Dependency2.csk() on instance extentReports.Dependency2@564fabc8 depends on not successfully finished methods 
[extentReports.Dependency2.rcb() on instance extentReports.Dependency2@564fabc8]
at org.testng.internal.invokers.TestInvoker.invokeTestMethods(TestInvoker.java:156)
at org.testng.internal.invokers.TestMethodWorker.invokeTestMethods(TestMethodWorker.java:148)
at org.testng.internal.invokers.TestMethodWorker.run(TestMethodWorker.java:128)
at java.base/java.util.ArrayList.forEach(ArrayList.java:1596)
at org.testng.TestRunner.privateRun(TestRunner.java:848)
at org.testng.TestRunner.run(TestRunner.java:621)
at org.testng.SuiteRunner.runTest(SuiteRunner.java:443)
at org.testng.SuiteRunner.runSequentially(SuiteRunner.java:437)
at org.testng.SuiteRunner.privateRun(SuiteRunner.java:397)
at org.testng.SuiteRunner.run(SuiteRunner.java:336)
at org.testng.SuiteRunnerWorker.runSuite(SuiteRunnerWorker.java:52)
at org.testng.SuiteRunnerWorker.run(SuiteRunnerWorker.java:95)
at org.testng.TestNG.runSuitesSequentially(TestNG.java:1280)
at org.testng.TestNG.runSuitesLocally(TestNG.java:1200)
at org.testng.TestNG.runSuites(TestNG.java:1114)
at org.testng.TestNG.run(TestNG.java:1082)
at org.testng.remote.AbstractRemoteTestNG.run(AbstractRemoteTestNG.java:115)
at org.testng.remote.RemoteTestNG.initAndRun(RemoteTestNG.java:251)
at org.testng.remote.RemoteTestNG.main(RemoteTestNG.java:77)
]]>
            </full-stacktrace>
          </exception> <!-- java.lang.Throwable -->
          <reporter-output>
          </reporter-output>
        </test-method> <!-- csk -->
      </class> <!-- extentReports.Dependency2 -->
    </test> <!-- Default test -->
  </suite> <!-- Default suite -->
</testng-results>
